<?xml version="1.0" encoding="utf-8"?><testsuites name="pytest tests"><testsuite name="pytest" errors="0" failures="0" skipped="0" tests="16" time="9.769" timestamp="2026-05-06T08:28:08.803220+00:00" hostname="agent-env-e5139a8f-7e3b-47dd-8607-9c80a438e68c"><testcase classname="backend.tests.test_propflo_api.TestHealth" name="test_root" time="2.195" /><testcase classname="backend.tests.test_propflo_api.TestAuth" name="test_login_admin" time="0.357" /><testcase classname="backend.tests.test_propflo_api.TestAuth" name="test_login_invalid" time="0.351" /><testcase classname="backend.tests.test_propflo_api.TestAuth" name="test_register_new_and_duplicate" time="0.387" /><testcase classname="backend.tests.test_propflo_api.TestAuth" name="test_me_with_token" time="0.399" /><testcase classname="backend.tests.test_propflo_api.TestAuth" name="test_me_without_token" time="0.123" /><testcase classname="backend.tests.test_propflo_api.TestDashboard" name="test_stats" time="0.069" /><testcase classname="backend.tests.test_propflo_api.TestSeededLists" name="test_lists[/api/leads]" time="0.062" /><testcase classname="backend.tests.test_propflo_api.TestSeededLists" name="test_lists[/api/properties]" time="0.057" /><testcase classname="backend.tests.test_propflo_api.TestSeededLists" name="test_lists[/api/contacts]" time="0.056" /><testcase classname="backend.tests.test_propflo_api.TestSeededLists" name="test_lists[/api/deals]" time="0.056" /><testcase classname="backend.tests.test_propflo_api.TestSeededLists" name="test_lists[/api/tasks]" time="0.059" /><testcase classname="backend.tests.test_propflo_api.TestLeadsCRUD" name="test_full_crud_and_ai" time="4.471" /><testcase classname="backend.tests.test_propflo_api.TestDealsStage" name="test_update_stage" time="0.173" /><testcase classname="backend.tests.test_propflo_api.TestDealsStage" name="test_invalid_stage" time="0.110" /><testcase classname="backend.tests.test_propflo_api.TestTasks" name="test_complete" time="0.174" /></testsuite></testsuites>