<?xml version="1.0" encoding="utf-8"?><testsuites name="pytest tests"><testsuite name="pytest" errors="0" failures="0" skipped="0" tests="16" time="12.704" timestamp="2026-05-07T16:13:03.423725+00:00" hostname="agent-env-e5139a8f-7e3b-47dd-8607-9c80a438e68c"><testcase classname="backend.tests.test_v2_features.TestWhatsAppTemplates" name="test_returns_six_templates" time="1.991" /><testcase classname="backend.tests.test_v2_features.TestWhatsAppTemplates" name="test_requires_auth" time="0.302" /><testcase classname="backend.tests.test_v2_features.TestUsersVisibility" name="test_admin_sees_all" time="0.228" /><testcase classname="backend.tests.test_v2_features.TestUsersVisibility" name="test_agent_sees_only_self" time="1.032" /><testcase classname="backend.tests.test_v2_features.TestLeadVisibilityAndAssign" name="test_admin_sees_all_leads" time="0.236" /><testcase classname="backend.tests.test_v2_features.TestLeadVisibilityAndAssign" name="test_agent_sees_only_assigned" time="0.291" /><testcase classname="backend.tests.test_v2_features.TestLeadVisibilityAndAssign" name="test_agent_cannot_assign" time="0.596" /><testcase classname="backend.tests.test_v2_features.TestLeadVisibilityAndAssign" name="test_admin_assigns_lead" time="1.098" /><testcase classname="backend.tests.test_v2_features.TestLeadDocuments" name="test_add_list_get_delete" time="1.804" /><testcase classname="backend.tests.test_v2_features.TestLeadDocuments" name="test_oversized_returns_413" time="1.171" /><testcase classname="backend.tests.test_v2_features.TestPropertiesFilter" name="test_search_gurgaon" time="0.239" /><testcase classname="backend.tests.test_v2_features.TestPropertiesFilter" name="test_search_and_min_price" time="0.257" /><testcase classname="backend.tests.test_v2_features.TestPropertiesFilter" name="test_seeded_count_eight" time="0.340" /><testcase classname="backend.tests.test_v2_features.TestPropertiesFilter" name="test_type_filter" time="0.214" /><testcase classname="backend.tests.test_v2_features.TestPushToken" name="test_save_token" time="0.211" /><testcase classname="backend.tests.test_v2_features.TestSeedCounts" name="test_seed_data_counts" time="1.215" /></testsuite></testsuites>